Library/Bee/Android/Prj/Mono2x/Gradle/launcher/build/intermediates/manifest_merge_blame_file/release/manifest-merger-blame-release-report.txt
1<?xml version="1.0" encoding="utf-8"?>
2<manifest xmlns:android="http://schemas.android.com/apk/res/android"
3    package="com.ktdev.CubeTower"
4    android:installLocation="preferExternal"
5    android:versionCode="1"
6    android:versionName="0.1" >
7
8    <uses-sdk
9        android:minSdkVersion="29"
9-->src\main\AndroidManifest.xml
10        android:targetSdkVersion="30" />
10-->src\main\AndroidManifest.xml
11
12    <supports-screens
12-->src\main\AndroidManifest.xml:3:3-163
13        android:anyDensity="true"
13-->src\main\AndroidManifest.xml:3:135-160
14        android:largeScreens="true"
14-->src\main\AndroidManifest.xml:3:78-105
15        android:normalScreens="true"
15-->src\main\AndroidManifest.xml:3:49-77
16        android:smallScreens="true"
16-->src\main\AndroidManifest.xml:3:21-48
17        android:xlargeScreens="true" />
17-->src\main\AndroidManifest.xml:3:106-134
18
19    <uses-feature android:glEsVersion="0x00030000" />
19-->[:unityLibrary] AndroidManifest.xml:12:5-54
19-->[:unityLibrary] AndroidManifest.xml:12:19-51
20    <uses-feature
20-->[:unityLibrary] AndroidManifest.xml:13:5-15:36
21        android:name="android.hardware.vulkan.version"
21-->[:unityLibrary] AndroidManifest.xml:14:9-55
22        android:required="false" />
22-->[:unityLibrary] AndroidManifest.xml:15:9-33
23
24    <uses-permission android:name="android.permission.INTERNET" />
24-->[:unityLibrary] AndroidManifest.xml:17:5-67
24-->[:unityLibrary] AndroidManifest.xml:17:22-64
25    <uses-permission android:name="android.permission.ACCESS_NETWORK_STATE" />
25-->[:unityLibrary] AndroidManifest.xml:18:5-79
25-->[:unityLibrary] AndroidManifest.xml:18:22-76
26
27    <uses-feature
27-->[:unityLibrary] AndroidManifest.xml:20:5-22:36
28        android:name="android.hardware.touchscreen"
28-->[:unityLibrary] AndroidManifest.xml:21:9-52
29        android:required="false" />
29-->[:unityLibrary] AndroidManifest.xml:22:9-33
30    <uses-feature
30-->[:unityLibrary] AndroidManifest.xml:23:5-25:36
31        android:name="android.hardware.touchscreen.multitouch"
31-->[:unityLibrary] AndroidManifest.xml:24:9-63
32        android:required="false" />
32-->[:unityLibrary] AndroidManifest.xml:25:9-33
33    <uses-feature
33-->[:unityLibrary] AndroidManifest.xml:26:5-28:36
34        android:name="android.hardware.touchscreen.multitouch.distinct"
34-->[:unityLibrary] AndroidManifest.xml:27:9-72
35        android:required="false" />
35-->[:unityLibrary] AndroidManifest.xml:28:9-33
36
37    <uses-permission android:name="com.google.android.gms.permission.AD_ID" />
37-->[:com.unity3d.mediation.mediation-sdk-1.0.0:] AndroidManifest.xml:6:3-77
37-->[:com.unity3d.mediation.mediation-sdk-1.0.0:] AndroidManifest.xml:6:20-74
38
39    <application
39-->src\main\AndroidManifest.xml:4:3-83
40        android:appComponentFactory="androidx.core.app.CoreComponentFactory"
40-->[:androidx.core.core-1.2.0:] AndroidManifest.xml:24:18-86
41        android:extractNativeLibs="true"
41-->[:unityLibrary] AndroidManifest.xml:30:18-50
42        android:icon="@mipmap/app_icon"
42-->src\main\AndroidManifest.xml:4:49-80
43        android:label="@string/app_name" >
43-->src\main\AndroidManifest.xml:4:16-48
44        <activity
44-->[:unityLibrary] AndroidManifest.xml:31:9-51:20
45            android:name="com.unity3d.player.UnityPlayerActivity"
45-->[:unityLibrary] AndroidManifest.xml:32:13-66
46            android:configChanges="mcc|mnc|locale|touchscreen|keyboard|keyboardHidden|navigation|orientation|screenLayout|uiMode|screenSize|smallestScreenSize|fontScale|layoutDirection|density"
46-->[:unityLibrary] AndroidManifest.xml:33:13-194
47            android:hardwareAccelerated="false"
47-->[:unityLibrary] AndroidManifest.xml:34:13-48
48            android:launchMode="singleTask"
48-->[:unityLibrary] AndroidManifest.xml:35:13-44
49            android:resizeableActivity="false"
49-->[:unityLibrary] AndroidManifest.xml:36:13-47
50            android:screenOrientation="portrait"
50-->[:unityLibrary] AndroidManifest.xml:37:13-49
51            android:theme="@style/UnityThemeSelector" >
51-->[:unityLibrary] AndroidManifest.xml:38:13-54
52            <intent-filter>
52-->[:unityLibrary] AndroidManifest.xml:39:13-43:29
53                <action android:name="android.intent.action.MAIN" />
53-->[:unityLibrary] AndroidManifest.xml:40:17-69
53-->[:unityLibrary] AndroidManifest.xml:40:25-66
54
55                <category android:name="android.intent.category.LAUNCHER" />
55-->[:unityLibrary] AndroidManifest.xml:42:17-77
55-->[:unityLibrary] AndroidManifest.xml:42:27-74
56            </intent-filter>
57
58            <meta-data
58-->[:unityLibrary] AndroidManifest.xml:45:13-47:40
59                android:name="unityplayer.UnityActivity"
59-->[:unityLibrary] AndroidManifest.xml:46:17-57
60                android:value="true" />
60-->[:unityLibrary] AndroidManifest.xml:47:17-37
61            <meta-data
61-->[:unityLibrary] AndroidManifest.xml:48:13-50:40
62                android:name="android.notch_support"
62-->[:unityLibrary] AndroidManifest.xml:49:17-53
63                android:value="true" />
63-->[:unityLibrary] AndroidManifest.xml:50:17-37
64        </activity>
65
66        <meta-data
66-->[:unityLibrary] AndroidManifest.xml:53:9-55:33
67            android:name="unity.splash-mode"
67-->[:unityLibrary] AndroidManifest.xml:54:13-45
68            android:value="0" />
68-->[:unityLibrary] AndroidManifest.xml:55:13-30
69        <meta-data
69-->[:unityLibrary] AndroidManifest.xml:56:9-58:36
70            android:name="unity.splash-enable"
70-->[:unityLibrary] AndroidManifest.xml:57:13-47
71            android:value="True" />
71-->[:unityLibrary] AndroidManifest.xml:58:13-33
72        <meta-data
72-->[:unityLibrary] AndroidManifest.xml:59:9-61:36
73            android:name="unity.launch-fullscreen"
73-->[:unityLibrary] AndroidManifest.xml:60:13-51
74            android:value="True" />
74-->[:unityLibrary] AndroidManifest.xml:61:13-33
75        <meta-data
75-->[:unityLibrary] AndroidManifest.xml:62:9-64:37
76            android:name="unity.allow-resizable-window"
76-->[:unityLibrary] AndroidManifest.xml:63:13-56
77            android:value="False" />
77-->[:unityLibrary] AndroidManifest.xml:64:13-34
78        <meta-data
78-->[:unityLibrary] AndroidManifest.xml:65:9-67:50
79            android:name="notch.config"
79-->[:unityLibrary] AndroidManifest.xml:66:13-40
80            android:value="portrait|landscape" />
80-->[:unityLibrary] AndroidManifest.xml:67:13-47
81
82        <provider
82-->[:com.unity3d.mediation.mediation-sdk-1.0.0:] AndroidManifest.xml:8:5-10:16
83            android:name="androidx.startup.InitializationProvider"
83-->[:com.unity3d.mediation.mediation-sdk-1.0.0:] AndroidManifest.xml:8:15-69
84            android:authorities="com.ktdev.CubeTower.androidx-startup"
84-->[:com.unity3d.mediation.mediation-sdk-1.0.0:] AndroidManifest.xml:8:70-128
85            android:exported="false" >
85-->[:com.unity3d.mediation.mediation-sdk-1.0.0:] AndroidManifest.xml:8:129-153
86            <meta-data
86-->[:com.unity3d.mediation.mediation-sdk-1.0.0:] AndroidManifest.xml:9:7-125
87                android:name="com.unity3d.mediation.UnityMediationSDKModuleInitializer"
87-->[:com.unity3d.mediation.mediation-sdk-1.0.0:] AndroidManifest.xml:9:18-89
88                android:value="androidx.startup" />
88-->[:com.unity3d.mediation.mediation-sdk-1.0.0:] AndroidManifest.xml:9:90-122
89            <meta-data
89-->[:com.unity3d.mediation.unityads-adapter-1.0.1:] AndroidManifest.xml:7:7-132
90                android:name="com.unity3d.mediation.unityadsadapter.UnityAdsModuleInitializer"
90-->[:com.unity3d.mediation.unityads-adapter-1.0.1:] AndroidManifest.xml:7:18-96
91                android:value="androidx.startup" />
91-->[:com.unity3d.mediation.unityads-adapter-1.0.1:] AndroidManifest.xml:7:97-129
92        </provider>
93
94        <activity
94-->[:com.unity3d.ads.unity-ads-4.4.1:] AndroidManifest.xml:14:9-18:74
95            android:name="com.unity3d.services.ads.adunit.AdUnitActivity"
95-->[:com.unity3d.ads.unity-ads-4.4.1:] AndroidManifest.xml:15:13-74
96            android:configChanges="fontScale|keyboard|keyboardHidden|locale|mnc|mcc|navigation|orientation|screenLayout|screenSize|smallestScreenSize|uiMode|touchscreen"
96-->[:com.unity3d.ads.unity-ads-4.4.1:] AndroidManifest.xml:16:13-170
97            android:hardwareAccelerated="true"
97-->[:com.unity3d.ads.unity-ads-4.4.1:] AndroidManifest.xml:17:13-47
98            android:theme="@android:style/Theme.NoTitleBar.Fullscreen" />
98-->[:com.unity3d.ads.unity-ads-4.4.1:] AndroidManifest.xml:18:13-71
99        <activity
99-->[:com.unity3d.ads.unity-ads-4.4.1:] AndroidManifest.xml:19:9-23:86
100            android:name="com.unity3d.services.ads.adunit.AdUnitTransparentActivity"
100-->[:com.unity3d.ads.unity-ads-4.4.1:] AndroidManifest.xml:20:13-85
101            android:configChanges="fontScale|keyboard|keyboardHidden|locale|mnc|mcc|navigation|orientation|screenLayout|screenSize|smallestScreenSize|uiMode|touchscreen"
101-->[:com.unity3d.ads.unity-ads-4.4.1:] AndroidManifest.xml:21:13-170
102            android:hardwareAccelerated="true"
102-->[:com.unity3d.ads.unity-ads-4.4.1:] AndroidManifest.xml:22:13-47
103            android:theme="@android:style/Theme.Translucent.NoTitleBar.Fullscreen" />
103-->[:com.unity3d.ads.unity-ads-4.4.1:] AndroidManifest.xml:23:13-83
104        <activity
104-->[:com.unity3d.ads.unity-ads-4.4.1:] AndroidManifest.xml:24:9-28:86
105            android:name="com.unity3d.services.ads.adunit.AdUnitTransparentSoftwareActivity"
105-->[:com.unity3d.ads.unity-ads-4.4.1:] AndroidManifest.xml:25:13-93
106            android:configChanges="fontScale|keyboard|keyboardHidden|locale|mnc|mcc|navigation|orientation|screenLayout|screenSize|smallestScreenSize|uiMode|touchscreen"
106-->[:com.unity3d.ads.unity-ads-4.4.1:] AndroidManifest.xml:26:13-170
107            android:hardwareAccelerated="false"
107-->[:com.unity3d.ads.unity-ads-4.4.1:] AndroidManifest.xml:27:13-48
108            android:theme="@android:style/Theme.Translucent.NoTitleBar.Fullscreen" />
108-->[:com.unity3d.ads.unity-ads-4.4.1:] AndroidManifest.xml:28:13-83
109        <activity
109-->[:com.unity3d.ads.unity-ads-4.4.1:] AndroidManifest.xml:29:9-33:74
110            android:name="com.unity3d.services.ads.adunit.AdUnitSoftwareActivity"
110-->[:com.unity3d.ads.unity-ads-4.4.1:] AndroidManifest.xml:30:13-82
111            android:configChanges="fontScale|keyboard|keyboardHidden|locale|mnc|mcc|navigation|orientation|screenLayout|screenSize|smallestScreenSize|uiMode|touchscreen"
111-->[:com.unity3d.ads.unity-ads-4.4.1:] AndroidManifest.xml:31:13-170
112            android:hardwareAccelerated="false"
112-->[:com.unity3d.ads.unity-ads-4.4.1:] AndroidManifest.xml:32:13-48
113            android:theme="@android:style/Theme.NoTitleBar.Fullscreen" />
113-->[:com.unity3d.ads.unity-ads-4.4.1:] AndroidManifest.xml:33:13-71
114
115        <provider
115-->[:androidx.lifecycle.lifecycle-process-2.0.0:] AndroidManifest.xml:20:5-197
116            android:name="androidx.lifecycle.ProcessLifecycleOwnerInitializer"
116-->[:androidx.lifecycle.lifecycle-process-2.0.0:] AndroidManifest.xml:20:15-81
117            android:authorities="com.ktdev.CubeTower.lifecycle-process"
117-->[:androidx.lifecycle.lifecycle-process-2.0.0:] AndroidManifest.xml:20:82-141
118            android:exported="false"
118-->[:androidx.lifecycle.lifecycle-process-2.0.0:] AndroidManifest.xml:20:142-166
119            android:multiprocess="true" />
119-->[:androidx.lifecycle.lifecycle-process-2.0.0:] AndroidManifest.xml:20:167-194
120
121        <meta-data
121-->[:com.google.android.gms.play-services-basement-18.1.0:] AndroidManifest.xml:21:9-23:69
122            android:name="com.google.android.gms.version"
122-->[:com.google.android.gms.play-services-basement-18.1.0:] AndroidManifest.xml:22:13-58
123            android:value="@integer/google_play_services_version" />
123-->[:com.google.android.gms.play-services-basement-18.1.0:] AndroidManifest.xml:23:13-66
124    </application>
125
126</manifest>